{
  message: 'database connected',
  level: 'info',
  timestamp: '2023-06-17T11:01:51.905Z',
  label: 'COW'
}
{
  message: 'application listening on port 5000',
  level: 'info',
  timestamp: '2023-06-17T11:01:51.934Z',
  label: 'COW'
}
{
  message: 'database connected',
  level: 'info',
  timestamp: '2023-06-17T11:13:46.417Z',
  label: 'COW'
}
{
  message: 'application listening on port 5000',
  level: 'info',
  timestamp: '2023-06-17T11:13:46.430Z',
  label: 'COW'
}
{
  message: 'database connected',
  level: 'info',
  timestamp: '2023-06-17T11:24:21.866Z',
  label: 'COW'
}
{
  message: 'application listening on port 5000',
  level: 'info',
  timestamp: '2023-06-17T11:24:21.878Z',
  label: 'COW'
}
{
  message: 'database connected',
  level: 'info',
  timestamp: '2023-06-17T11:27:58.881Z',
  label: 'COW'
}
{
  message: 'application listening on port 5000',
  level: 'info',
  timestamp: '2023-06-17T11:27:58.892Z',
  label: 'COW'
}
{
  message: 'database connected',
  level: 'info',
  timestamp: '2023-06-17T11:30:30.833Z',
  label: 'COW'
}
{
  message: 'application listening on port 5000',
  level: 'info',
  timestamp: '2023-06-17T11:30:30.840Z',
  label: 'COW'
}
{
  message: 'database connected',
  level: 'info',
  timestamp: '2023-06-17T11:35:52.695Z',
  label: 'COW'
}
{
  message: 'application listening on port 5000',
  level: 'info',
  timestamp: '2023-06-17T11:35:52.707Z',
  label: 'COW'
}
{
  message: 'database connected',
  level: 'info',
  timestamp: '2023-06-17T11:38:12.363Z',
  label: 'COW'
}
{
  message: 'application listening on port 5000',
  level: 'info',
  timestamp: '2023-06-17T11:38:12.371Z',
  label: 'COW'
}
{
  message: 'database connected',
  level: 'info',
  timestamp: '2023-06-17T11:51:30.402Z',
  label: 'COW'
}
{
  message: 'application listening on port 5000',
  level: 'info',
  timestamp: '2023-06-17T11:51:30.413Z',
  label: 'COW'
}
{
  message: 'database connected',
  level: 'info',
  timestamp: '2023-06-17T11:52:06.954Z',
  label: 'COW'
}
{
  message: 'application listening on port 5000',
  level: 'info',
  timestamp: '2023-06-17T11:52:06.968Z',
  label: 'COW'
}
{
  message: 'database connected',
  level: 'info',
  timestamp: '2023-06-17T11:52:14.334Z',
  label: 'COW'
}
{
  message: 'application listening on port 5000',
  level: 'info',
  timestamp: '2023-06-17T11:52:14.342Z',
  label: 'COW'
}
{
  message: 'database connected',
  level: 'info',
  timestamp: '2023-06-17T11:57:29.900Z',
  label: 'COW'
}
{
  message: 'application listening on port 5000',
  level: 'info',
  timestamp: '2023-06-17T11:57:29.907Z',
  label: 'COW'
}
{
  message: 'database connected',
  level: 'info',
  timestamp: '2023-06-17T11:59:25.293Z',
  label: 'COW'
}
{
  message: 'application listening on port 5000',
  level: 'info',
  timestamp: '2023-06-17T11:59:25.305Z',
  label: 'COW'
}
