{
  message: 'database connected',
  level: 'info',
  timestamp: '2023-06-17T12:00:45.385Z',
  label: 'COW'
}
{
  message: 'application listening on port 5000',
  level: 'info',
  timestamp: '2023-06-17T12:00:45.398Z',
  label: 'COW'
}
{
  message: 'database connected',
  level: 'info',
  timestamp: '2023-06-17T12:04:26.977Z',
  label: 'COW'
}
{
  message: 'application listening on port 5000',
  level: 'info',
  timestamp: '2023-06-17T12:04:26.985Z',
  label: 'COW'
}
{
  message: 'database connected',
  level: 'info',
  timestamp: '2023-06-17T12:05:23.339Z',
  label: 'COW'
}
{
  message: 'application listening on port 5000',
  level: 'info',
  timestamp: '2023-06-17T12:05:23.350Z',
  label: 'COW'
}
{
  message: 'database connected',
  level: 'info',
  timestamp: '2023-06-17T12:07:13.054Z',
  label: 'COW'
}
{
  message: 'application listening on port 5000',
  level: 'info',
  timestamp: '2023-06-17T12:07:13.065Z',
  label: 'COW'
}
{
  message: 'database connected',
  level: 'info',
  timestamp: '2023-06-17T12:09:42.408Z',
  label: 'COW'
}
{
  message: 'application listening on port 5000',
  level: 'info',
  timestamp: '2023-06-17T12:09:42.418Z',
  label: 'COW'
}
{
  message: 'database connected',
  level: 'info',
  timestamp: '2023-06-17T12:10:26.699Z',
  label: 'COW'
}
{
  message: 'application listening on port 5000',
  level: 'info',
  timestamp: '2023-06-17T12:10:26.709Z',
  label: 'COW'
}
{
  message: 'database connected',
  level: 'info',
  timestamp: '2023-06-17T12:12:38.569Z',
  label: 'COW'
}
{
  message: 'application listening on port 5000',
  level: 'info',
  timestamp: '2023-06-17T12:12:38.576Z',
  label: 'COW'
}
{
  message: 'database connected',
  level: 'info',
  timestamp: '2023-06-17T12:12:42.429Z',
  label: 'COW'
}
{
  message: 'application listening on port 5000',
  level: 'info',
  timestamp: '2023-06-17T12:12:42.439Z',
  label: 'COW'
}
{
  message: 'database connected',
  level: 'info',
  timestamp: '2023-06-17T12:12:50.910Z',
  label: 'COW'
}
{
  message: 'application listening on port 5000',
  level: 'info',
  timestamp: '2023-06-17T12:12:50.921Z',
  label: 'COW'
}
{
  message: 'database connected',
  level: 'info',
  timestamp: '2023-06-17T12:14:29.885Z',
  label: 'COW'
}
{
  message: 'application listening on port 5000',
  level: 'info',
  timestamp: '2023-06-17T12:14:29.896Z',
  label: 'COW'
}
{
  message: 'database connected',
  level: 'info',
  timestamp: '2023-06-17T12:14:55.691Z',
  label: 'COW'
}
{
  message: 'application listening on port 5000',
  level: 'info',
  timestamp: '2023-06-17T12:14:55.702Z',
  label: 'COW'
}
